  03_find_if.cpp
C:\Users\jjy02\OneDrive\바탕 화면\C언어\240126_STL\240126_STL\03_find_if.cpp(29,6): error C2665: 'std::vector<int *,std::allocator<int *>>::push_back': 모든 인수 형식을 변환할 수 있는 오버로드된 함수가 없습니다.
  C:\Program Files\Microsoft Visual Studio\2022\Community\VC\Tools\MSVC\14.38.33130\include\vector(874,23):
  'void std::vector<int *,std::allocator<int *>>::push_back(_Ty &&)'일 수 있습니다.
          with
          [
              _Ty=int *
          ]
  	C:\Users\jjy02\OneDrive\바탕 화면\C언어\240126_STL\240126_STL\03_find_if.cpp(29,6):
  	'void std::vector<int *,std::allocator<int *>>::push_back(_Ty &&)': 인수 1을(를) 'int'에서 '_Ty &&'(으)로 변환할 수 없습니다.
          with
          [
              _Ty=int *
          ]
  		C:\Users\jjy02\OneDrive\바탕 화면\C언어\240126_STL\240126_STL\03_find_if.cpp(29,17):
  		원인: 'int'에서 '_Ty'(으)로 변환할 수 없습니다.
          with
          [
              _Ty=int *
          ]
  		C:\Users\jjy02\OneDrive\바탕 화면\C언어\240126_STL\240126_STL\03_find_if.cpp(29,17):
  		정수 계열 형식에서 포인터 형식으로 변환하려면 reinterpret_cast, C 스타일 캐스트 또는 괄호가 있는 함수 스타일 캐스트가 필요합니다.
  C:\Program Files\Microsoft Visual Studio\2022\Community\VC\Tools\MSVC\14.38.33130\include\vector(870,23):
  또는       'void std::vector<int *,std::allocator<int *>>::push_back(const _Ty &)'
          with
          [
              _Ty=int *
          ]
  	C:\Users\jjy02\OneDrive\바탕 화면\C언어\240126_STL\240126_STL\03_find_if.cpp(29,6):
  	'void std::vector<int *,std::allocator<int *>>::push_back(const _Ty &)': 인수 1을(를) 'int'에서 'const _Ty &'(으)로 변환할 수 없습니다.
          with
          [
              _Ty=int *
          ]
  		C:\Users\jjy02\OneDrive\바탕 화면\C언어\240126_STL\240126_STL\03_find_if.cpp(29,17):
  		원인: 'int'에서 'const _Ty'(으)로 변환할 수 없습니다.
          with
          [
              _Ty=int *
          ]
  		C:\Users\jjy02\OneDrive\바탕 화면\C언어\240126_STL\240126_STL\03_find_if.cpp(29,17):
  		정수 계열 형식에서 포인터 형식으로 변환하려면 reinterpret_cast, C 스타일 캐스트 또는 괄호가 있는 함수 스타일 캐스트가 필요합니다.
  C:\Users\jjy02\OneDrive\바탕 화면\C언어\240126_STL\240126_STL\03_find_if.cpp(29,6):
  인수 목록 '(int)'을(를) 일치시키는 동안
  
C:\Users\jjy02\OneDrive\바탕 화면\C언어\240126_STL\240126_STL\03_find_if.cpp(32,26): error C2440: '초기화 중': '_InIt'에서 'std::_Vector_iterator<std::_Vector_val<std::_Simple_types<_Ty>>>'(으)로 변환할 수 없습니다.
C:\Users\jjy02\OneDrive\바탕 화면\C언어\240126_STL\240126_STL\03_find_if.cpp(32,26): error C2440:         with
C:\Users\jjy02\OneDrive\바탕 화면\C언어\240126_STL\240126_STL\03_find_if.cpp(32,26): error C2440:         [
C:\Users\jjy02\OneDrive\바탕 화면\C언어\240126_STL\240126_STL\03_find_if.cpp(32,26): error C2440:             _InIt=std::_Vector_iterator<std::_Vector_val<std::_Simple_types<int *>>>
C:\Users\jjy02\OneDrive\바탕 화면\C언어\240126_STL\240126_STL\03_find_if.cpp(32,26): error C2440:         ]
C:\Users\jjy02\OneDrive\바탕 화면\C언어\240126_STL\240126_STL\03_find_if.cpp(32,26): error C2440:         and
C:\Users\jjy02\OneDrive\바탕 화면\C언어\240126_STL\240126_STL\03_find_if.cpp(32,26): error C2440:         [
C:\Users\jjy02\OneDrive\바탕 화면\C언어\240126_STL\240126_STL\03_find_if.cpp(32,26): error C2440:             _Ty=int
C:\Users\jjy02\OneDrive\바탕 화면\C언어\240126_STL\240126_STL\03_find_if.cpp(32,26): error C2440:         ]
  C:\Users\jjy02\OneDrive\바탕 화면\C언어\240126_STL\240126_STL\03_find_if.cpp(32,26):
  이 변환을 수행할 수 있는 사용 가능한 사용자 정의 변환 연산자가 없거나 연산자를 호출할 수 없습니다.
  
C:\Users\jjy02\OneDrive\바탕 화면\C언어\240126_STL\240126_STL\03_find_if.cpp(33,6): error C2679: 이항 '!=': 오른쪽 피연산자로 'std::_Vector_iterator<std::_Vector_val<std::_Simple_types<_Ty>>>' 형식을 사용하는 연산자가 없거나 허용되는 변환이 없습니다.
C:\Users\jjy02\OneDrive\바탕 화면\C언어\240126_STL\240126_STL\03_find_if.cpp(33,6): error C2679:         with
C:\Users\jjy02\OneDrive\바탕 화면\C언어\240126_STL\240126_STL\03_find_if.cpp(33,6): error C2679:         [
C:\Users\jjy02\OneDrive\바탕 화면\C언어\240126_STL\240126_STL\03_find_if.cpp(33,6): error C2679:             _Ty=int *
C:\Users\jjy02\OneDrive\바탕 화면\C언어\240126_STL\240126_STL\03_find_if.cpp(33,6): error C2679:         ]
  C:\Program Files\Microsoft Visual Studio\2022\Community\VC\Tools\MSVC\14.38.33130\include\vector(171,21):
  'bool std::_Vector_const_iterator<std::_Vector_val<std::_Simple_types<_Ty>>>::operator !=(const std::_Vector_const_iterator<std::_Vector_val<std::_Simple_types<_Ty>>> &) noexcept const'일 수 있습니다.
          with
          [
              _Ty=int
          ]
  C:\Program Files\Microsoft Visual Studio\2022\Community\VC\Tools\MSVC\14.38.33130\include\vector(2244,17):
  또는       'bool std::operator !=(const std::vector<_Ty,_Alloc> &,const std::vector<_Ty,_Alloc> &)'
  	C:\Users\jjy02\OneDrive\바탕 화면\C언어\240126_STL\240126_STL\03_find_if.cpp(33,6):
  	'bool std::operator !=(const std::vector<_Ty,_Alloc> &,const std::vector<_Ty,_Alloc> &)': 'std::_Vector_iterator<std::_Vector_val<std::_Simple_types<_Ty>>>'에서 'const std::vector<_Ty,_Alloc> &'에 대한 템플릿 인수를 추론할 수 없습니다.
          with
          [
              _Ty=int
          ]
  C:\Program Files\Microsoft Visual Studio\2022\Community\VC\Tools\MSVC\14.38.33130\include\memory(3565,17):
  또는       'bool std::operator !=(std::nullptr_t,const std::unique_ptr<_Ty,_Dx> &) noexcept'
  	C:\Users\jjy02\OneDrive\바탕 화면\C언어\240126_STL\240126_STL\03_find_if.cpp(33,6):
  	'bool std::operator !=(std::nullptr_t,const std::unique_ptr<_Ty,_Dx> &) noexcept': 'std::_Vector_iterator<std::_Vector_val<std::_Simple_types<_Ty>>>'에서 'const std::unique_ptr<_Ty,_Dx> &'에 대한 템플릿 인수를 추론할 수 없습니다.
          with
          [
              _Ty=int *
          ]
  C:\Program Files\Microsoft Visual Studio\2022\Community\VC\Tools\MSVC\14.38.33130\include\memory(3560,17):
  또는       'bool std::operator !=(const std::unique_ptr<_Ty,_Dx> &,std::nullptr_t) noexcept'
  	C:\Users\jjy02\OneDrive\바탕 화면\C언어\240126_STL\240126_STL\03_find_if.cpp(33,6):
  	'bool std::operator !=(const std::unique_ptr<_Ty,_Dx> &,std::nullptr_t) noexcept': 'std::_Vector_iterator<std::_Vector_val<std::_Simple_types<_Ty>>>'에서 'const std::unique_ptr<_Ty,_Dx> &'에 대한 템플릿 인수를 추론할 수 없습니다.
          with
          [
              _Ty=int
          ]
  C:\Program Files\Microsoft Visual Studio\2022\Community\VC\Tools\MSVC\14.38.33130\include\memory(3507,17):
  또는       'bool std::operator !=(const std::unique_ptr<_Ty,_Dx> &,const std::unique_ptr<_Ty2,_Dx2> &)'
  	C:\Users\jjy02\OneDrive\바탕 화면\C언어\240126_STL\240126_STL\03_find_if.cpp(33,6):
  	'bool std::operator !=(const std::unique_ptr<_Ty,_Dx> &,const std::unique_ptr<_Ty2,_Dx2> &)': 'std::_Vector_iterator<std::_Vector_val<std::_Simple_types<_Ty>>>'에서 'const std::unique_ptr<_Ty,_Dx> &'에 대한 템플릿 인수를 추론할 수 없습니다.
          with
          [
              _Ty=int
          ]
  C:\Program Files\Microsoft Visual Studio\2022\Community\VC\Tools\MSVC\14.38.33130\include\memory(1932,17):
  또는       'bool std::operator !=(std::nullptr_t,const std::shared_ptr<_Ty> &) noexcept'
  	C:\Users\jjy02\OneDrive\바탕 화면\C언어\240126_STL\240126_STL\03_find_if.cpp(33,6):
  	'bool std::operator !=(std::nullptr_t,const std::shared_ptr<_Ty> &) noexcept': 'std::_Vector_iterator<std::_Vector_val<std::_Simple_types<_Ty>>>'에서 'const std::shared_ptr<_Ty> &'에 대한 템플릿 인수를 추론할 수 없습니다.
          with
          [
              _Ty=int *
          ]
  C:\Program Files\Microsoft Visual Studio\2022\Community\VC\Tools\MSVC\14.38.33130\include\memory(1927,17):
  또는       'bool std::operator !=(const std::shared_ptr<_Ty> &,std::nullptr_t) noexcept'
  	C:\Users\jjy02\OneDrive\바탕 화면\C언어\240126_STL\240126_STL\03_find_if.cpp(33,6):
  	'bool std::operator !=(const std::shared_ptr<_Ty> &,std::nullptr_t) noexcept': 'std::_Vector_iterator<std::_Vector_val<std::_Simple_types<_Ty>>>'에서 'const std::shared_ptr<_Ty> &'에 대한 템플릿 인수를 추론할 수 없습니다.
          with
          [
              _Ty=int
          ]
  C:\Program Files\Microsoft Visual Studio\2022\Community\VC\Tools\MSVC\14.38.33130\include\memory(1885,17):
  또는       'bool std::operator !=(const std::shared_ptr<_Ty> &,const std::shared_ptr<_Ty0> &) noexcept'
  	C:\Users\jjy02\OneDrive\바탕 화면\C언어\240126_STL\240126_STL\03_find_if.cpp(33,6):
  	'bool std::operator !=(const std::shared_ptr<_Ty> &,const std::shared_ptr<_Ty0> &) noexcept': 'std::_Vector_iterator<std::_Vector_val<std::_Simple_types<_Ty>>>'에서 'const std::shared_ptr<_Ty> &'에 대한 템플릿 인수를 추론할 수 없습니다.
          with
          [
              _Ty=int
          ]
  C:\Program Files\Microsoft Visual Studio\2022\Community\VC\Tools\MSVC\14.38.33130\include\xstring(5058,17):
  또는       'bool std::operator !=(const std::basic_string<_Elem,_Traits,_Alloc> &,const _Elem *const )'
  	C:\Users\jjy02\OneDrive\바탕 화면\C언어\240126_STL\240126_STL\03_find_if.cpp(33,6):
  	'bool std::operator !=(const std::basic_string<_Elem,_Traits,_Alloc> &,const _Elem *const )': 'std::_Vector_iterator<std::_Vector_val<std::_Simple_types<_Ty>>>'에서 'const std::basic_string<_Elem,_Traits,_Alloc> &'에 대한 템플릿 인수를 추론할 수 없습니다.
          with
          [
              _Ty=int
          ]
  C:\Program Files\Microsoft Visual Studio\2022\Community\VC\Tools\MSVC\14.38.33130\include\xstring(5053,17):
  또는       'bool std::operator !=(const _Elem *const ,const std::basic_string<_Elem,_Traits,_Alloc> &)'
  	C:\Users\jjy02\OneDrive\바탕 화면\C언어\240126_STL\240126_STL\03_find_if.cpp(33,6):
  	'bool std::operator !=(const _Elem *const ,const std::basic_string<_Elem,_Traits,_Alloc> &)': 'std::_Vector_iterator<std::_Vector_val<std::_Simple_types<_Ty>>>'에서 'const _Elem *const '에 대한 템플릿 인수를 추론할 수 없습니다.
          with
          [
              _Ty=int
          ]
  C:\Program Files\Microsoft Visual Studio\2022\Community\VC\Tools\MSVC\14.38.33130\include\xstring(5047,17):
  또는       'bool std::operator !=(const std::basic_string<_Elem,_Traits,_Alloc> &,const std::basic_string<_Elem,_Traits,_Alloc> &) noexcept'
  	C:\Users\jjy02\OneDrive\바탕 화면\C언어\240126_STL\240126_STL\03_find_if.cpp(33,6):
  	'bool std::operator !=(const std::basic_string<_Elem,_Traits,_Alloc> &,const std::basic_string<_Elem,_Traits,_Alloc> &) noexcept': 'std::_Vector_iterator<std::_Vector_val<std::_Simple_types<_Ty>>>'에서 'const std::basic_string<_Elem,_Traits,_Alloc> &'에 대한 템플릿 인수를 추론할 수 없습니다.
          with
          [
              _Ty=int
          ]
  C:\Program Files\Microsoft Visual Studio\2022\Community\VC\Tools\MSVC\14.38.33130\include\xmemory(1044,17):
  또는       'bool std::operator !=(const std::allocator<_Ty> &,const std::allocator<_Other> &) noexcept'
  	C:\Users\jjy02\OneDrive\바탕 화면\C언어\240126_STL\240126_STL\03_find_if.cpp(33,6):
  	'bool std::operator !=(const std::allocator<_Ty> &,const std::allocator<_Other> &) noexcept': 'std::_Vector_iterator<std::_Vector_val<std::_Simple_types<_Ty>>>'에서 'const std::allocator<_Ty> &'에 대한 템플릿 인수를 추론할 수 없습니다.
          with
          [
              _Ty=int
          ]
  C:\Program Files\Microsoft Visual Studio\2022\Community\VC\Tools\MSVC\14.38.33130\include\iterator(495,17):
  또는       'bool std::operator !=(const std::istreambuf_iterator<_Elem,_Traits> &,const std::istreambuf_iterator<_Elem,_Traits> &)'
  	C:\Users\jjy02\OneDrive\바탕 화면\C언어\240126_STL\240126_STL\03_find_if.cpp(33,6):
  	'bool std::operator !=(const std::istreambuf_iterator<_Elem,_Traits> &,const std::istreambuf_iterator<_Elem,_Traits> &)': 'std::_Vector_iterator<std::_Vector_val<std::_Simple_types<_Ty>>>'에서 'const std::istreambuf_iterator<_Elem,_Traits> &'에 대한 템플릿 인수를 추론할 수 없습니다.
          with
          [
              _Ty=int
          ]
  C:\Program Files\Microsoft Visual Studio\2022\Community\VC\Tools\MSVC\14.38.33130\include\iterator(313,17):
  또는       'bool std::operator !=(const std::istream_iterator<_Ty,_Elem,_Traits,_Diff> &,const std::istream_iterator<_Ty,_Elem,_Traits,_Diff> &) noexcept'
  	C:\Users\jjy02\OneDrive\바탕 화면\C언어\240126_STL\240126_STL\03_find_if.cpp(33,6):
  	'bool std::operator !=(const std::istream_iterator<_Ty,_Elem,_Traits,_Diff> &,const std::istream_iterator<_Ty,_Elem,_Traits,_Diff> &) noexcept': 'std::_Vector_iterator<std::_Vector_val<std::_Simple_types<_Ty>>>'에서 'const std::istream_iterator<_Ty,_Elem,_Traits,_Diff> &'에 대한 템플릿 인수를 추론할 수 없습니다.
          with
          [
              _Ty=int
          ]
  C:\Program Files\Microsoft Visual Studio\2022\Community\VC\Tools\MSVC\14.38.33130\include\xutility(4266,30):
  또는       'bool std::operator !=(const std::move_iterator<_Iter> &,const std::move_iterator<_Iter2> &) noexcept(<expr>)'
  	C:\Users\jjy02\OneDrive\바탕 화면\C언어\240126_STL\240126_STL\03_find_if.cpp(33,6):
  	'bool std::operator !=(const std::move_iterator<_Iter> &,const std::move_iterator<_Iter2> &) noexcept(<expr>)': 'std::_Vector_iterator<std::_Vector_val<std::_Simple_types<_Ty>>>'에서 'const std::move_iterator<_Iter> &'에 대한 템플릿 인수를 추론할 수 없습니다.
          with
          [
              _Ty=int
          ]
  C:\Program Files\Microsoft Visual Studio\2022\Community\VC\Tools\MSVC\14.38.33130\include\xutility(1691,5):
  또는       'bool std::operator !=(const std::reverse_iterator<_BidIt> &,const std::reverse_iterator<_BidIt2> &) noexcept(<expr>)'
  	C:\Users\jjy02\OneDrive\바탕 화면\C언어\240126_STL\240126_STL\03_find_if.cpp(33,6):
  	'bool std::operator !=(const std::reverse_iterator<_BidIt> &,const std::reverse_iterator<_BidIt2> &) noexcept(<expr>)': 'std::_Vector_iterator<std::_Vector_val<std::_Simple_types<_Ty>>>'에서 'const std::reverse_iterator<_BidIt> &'에 대한 템플릿 인수를 추론할 수 없습니다.
          with
          [
              _Ty=int
          ]
  C:\Program Files\Microsoft Visual Studio\2022\Community\VC\Tools\MSVC\14.38.33130\include\utility(507,27):
  또는       'bool std::operator !=(const std::pair<_Ty1,_Ty2> &,const std::pair<_Uty1,_Uty2> &)'
  	C:\Users\jjy02\OneDrive\바탕 화면\C언어\240126_STL\240126_STL\03_find_if.cpp(33,6):
  	'bool std::operator !=(const std::pair<_Ty1,_Ty2> &,const std::pair<_Uty1,_Uty2> &)': 'std::_Vector_iterator<std::_Vector_val<std::_Simple_types<_Ty>>>'에서 'const std::pair<_Ty1,_Ty2> &'에 대한 템플릿 인수를 추론할 수 없습니다.
          with
          [
              _Ty=int
          ]
  C:\Users\jjy02\OneDrive\바탕 화면\C언어\240126_STL\240126_STL\03_find_if.cpp(33,6):
  인수 목록 '(std::_Vector_iterator<std::_Vector_val<std::_Simple_types<_Ty>>>, std::_Vector_iterator<std::_Vector_val<std::_Simple_types<_Ty>>>)'을(를) 일치시키는 동안
          with
          [
              _Ty=int
          ]
  
C:\Users\jjy02\OneDrive\바탕 화면\C언어\240126_STL\240126_STL\03_find_if.cpp(34,11): error C2100: 간접 참조가 잘못되었습니다.
C:\Users\jjy02\OneDrive\바탕 화면\C언어\240126_STL\240126_STL\03_find_if.cpp(34,8): error C2088: '<<': class에 맞지 않습니다.
C:\Users\jjy02\OneDrive\바탕 화면\C언어\240126_STL\240126_STL\03_find_if.cpp(41,2): error C3861: 'exam3': 식별자를 찾을 수 없습니다.
